# JRE version: OpenJDK Runtime Environment (7.0_95) (build 1.7.0_95-b00)
# Java VM: OpenJDK 64-Bit Server VM (24.95-b01 mixed mode linux-amd64 compressed oops)
Heap
 PSYoungGen      total 35840K, used 11560K [0x00000000f5500000, 0x00000000f7d00000, 0x0000000100000000)
  eden space 30720K, 21% used [0x00000000f5500000,0x00000000f5b523b8,0x00000000f7300000)
  from space 5120K, 99% used [0x00000000f7800000,0x00000000f7cf8020,0x00000000f7d00000)
  to   space 5120K, 0% used [0x00000000f7300000,0x00000000f7300000,0x00000000f7800000)
 ParOldGen       total 81408K, used 8084K [0x00000000e0000000, 0x00000000e4f80000, 0x00000000f5500000)
  object space 81408K, 9% used [0x00000000e0000000,0x00000000e07e5100,0x00000000e4f80000)
 PSPermGen       total 21504K, used 9582K [0x00000000d5a00000, 0x00000000d6f00000, 0x00000000e0000000)
  object space 21504K, 44% used [0x00000000d5a00000,0x00000000d635bb20,0x00000000d6f00000)
GC Heap History (4 events):
Event: 707679.731 GC heap before
{Heap before GC invocations=1 (full 0):
 PSYoungGen      total 35840K, used 30720K [0x00000000f5500000, 0x00000000f7d00000, 0x0000000100000000)
  eden space 30720K, 100% used [0x00000000f5500000,0x00000000f7300000,0x00000000f7300000)
  from space 5120K, 0% used [0x00000000f7800000,0x00000000f7800000,0x00000000f7d00000)
  to   space 5120K, 0% used [0x00000000f7300000,0x00000000f7300000,0x00000000f7800000)
 ParOldGen       total 81408K, used 0K [0x00000000e0000000, 0x00000000e4f80000, 0x00000000f5500000)
  object space 81408K, 0% used [0x00000000e0000000,0x00000000e0000000,0x00000000e4f80000)
 PSPermGen       total 21504K, used 9116K [0x00000000d5a00000, 0x00000000d6f00000, 0x00000000e0000000)
  object space 21504K, 42% used [0x00000000d5a00000,0x00000000d62e7340,0x00000000d6f00000)
Event: 707680.020 GC heap after
Heap after GC invocations=1 (full 0):
 PSYoungGen      total 35840K, used 5105K [0x00000000f5500000, 0x00000000f7d00000, 0x0000000100000000)
  eden space 30720K, 0% used [0x00000000f5500000,0x00000000f5500000,0x00000000f7300000)
  from space 5120K, 99% used [0x00000000f7300000,0x00000000f77fc410,0x00000000f7800000)
  to   space 5120K, 0% used [0x00000000f7800000,0x00000000f7800000,0x00000000f7d00000)
 ParOldGen       total 81408K, used 3464K [0x00000000e0000000, 0x00000000e4f80000, 0x00000000f5500000)
  object space 81408K, 4% used [0x00000000e0000000,0x00000000e0362138,0x00000000e4f80000)
 PSPermGen       total 21504K, used 9116K [0x00000000d5a00000, 0x00000000d6f00000, 0x00000000e0000000)
  object space 21504K, 42% used [0x00000000d5a00000,0x00000000d62e7340,0x00000000d6f00000)
}
Event: 707758.109 GC heap before
{Heap before GC invocations=2 (full 0):
 PSYoungGen      total 35840K, used 35825K [0x00000000f5500000, 0x00000000f7d00000, 0x0000000100000000)
  eden space 30720K, 100% used [0x00000000f5500000,0x00000000f7300000,0x00000000f7300000)
  from space 5120K, 99% used [0x00000000f7300000,0x00000000f77fc410,0x00000000f7800000)
  to   space 5120K, 0% used [0x00000000f7800000,0x00000000f7800000,0x00000000f7d00000)
 ParOldGen       total 81408K, used 3464K [0x00000000e0000000, 0x00000000e4f80000, 0x00000000f5500000)
  object space 81408K, 4% used [0x00000000e0000000,0x00000000e0362138,0x00000000e4f80000)
 PSPermGen       total 21504K, used 9575K [0x00000000d5a00000, 0x00000000d6f00000, 0x00000000e0000000)
  object space 21504K, 44% used [0x00000000d5a00000,0x00000000d6359e08,0x00000000d6f00000)
Event: 707758.156 GC heap after
Heap after GC invocations=2 (full 0):
 PSYoungGen      total 35840K, used 5088K [0x00000000f5500000, 0x00000000f7d00000, 0x0000000100000000)
  eden space 30720K, 0% used [0x00000000f5500000,0x00000000f5500000,0x00000000f7300000)
  from space 5120K, 99% used [0x00000000f7800000,0x00000000f7cf8020,0x00000000f7d00000)
  to   space 5120K, 0% used [0x00000000f7300000,0x00000000f7300000,0x00000000f7800000)
 ParOldGen       total 81408K, used 8084K [0x00000000e0000000, 0x00000000e4f80000, 0x00000000f5500000)
  object space 81408K, 9% used [0x00000000e0000000,0x00000000e07e5100,0x00000000e4f80000)
 PSPermGen       total 21504K, used 9575K [0x00000000d5a00000, 0x00000000d6f00000, 0x00000000e0000000)
  object space 21504K, 44% used [0x00000000d5a00000,0x00000000d6359e08,0x00000000d6f00000)
}

